8TzvD87YtmkKvKZPlPvrna6pjDEBnaX+WEYa8a+nJ+MOWDKUUPaPliAh2dCnQmUYKIOUEH2CWpUu8+v2S/ShdgN07+MPhJ6/975rVZ0hU6IDb6MO
Wg5IiSgchmFziY8IJZZIBKb3BL3F5azmmDqVg7PJ4W0p/f2I5YpBBE7J+jhCH32LIctaJt2+8ws/eh4eK+mSntg9R9IpEAUpeRCXdAdMq61nhOogeSaZ6d/6yqI6OWhYE8WeO9Nc8hgIgv8KCAV5PF6W9aQgxxRcZTbqScYXC9pzYPEKS/Cv79dwbqNfGks55XVDnouro8I=
1rzb2uiGEwtlwQsjKiysGQNueDdcKzFgS/7Ou0YaI7X8sO9HIbT5clJ6bOSXkCQ7yaaLYA0u/MnU3iEwojOKCVtox3Yp4LceTk1zVkb5M2Q7a3FDe1QXZaMA
V2I9x6g7UNg6b86/Li1BNw6DvZQBY2eWjCoXscJHPgJsVW3J2sTxVRiz3o+JPxqd8gbTfL4Of1KjmBGie6gup8fIzkuvgosxtQ0jtjtzowo=
6dbn+No9eArxB6SSJdXS8hHwceNAc3KpuDEXxJ2rN7XGfkhz0iuOF6vpQz2fdbfcxhWLeu45BfPY78YfmyV8oxs=
u9jlpjbg2KzdaRRsdiCqApGTh++VDSi/sMAj8jWL5MeZTjpAn2hSFgF908jXnZ2iZyxLNejNFmG5gGnDCOPK6aABXyQl+9+1rq7wExobltcTeYsdh4UfWyklk5qmqf2zwB+Ov2N1VKMz
bfJaRxLuSsNOHDIMk752iZyzTw1KpHa8NZdfPKyFLM6+mdZMJwQ87vO+ipIeRCnpyy1xpKqO52G9GRFlQwDo1E201QNUR4eDlRVfhusk4SbjROvU79Teb1fO66U9cZNyY1+jPg==
cg0tsglW/dJweTks/Aku6DHe5PvT8cM9bd3TNrhiRmGEUl4WDWXH+KO1gUJbRB/lHPVaIXV43ZNcSzZJPGnr1LFjUzUiNmRjrvMKd2/RX80z/VOb5R3nynJBwdPcN3qPd21Yoz8=
Fn553yzVkYr/0BDZXZ6w9Zq4SQRuo2KqE4dfOa+hNsyzmdZMJwQ87vO+ipIeRCnpyy1xpKqO52G9GRFlQwDo1E201QNUR4eDlRVfhusk4SbjROvU79Teb1fO66U9cZNyY1+jPg==
bfD3O4pJKusZddcJCE9SBiy9lQathGIWMZ3jiGd9LSL3zJt1uC0GYamguYNYQ1pp0KGvZFXbL7XejgDTartmV4PZW93XpQ9bOUVDWvbJbTNwfz5/UxVkowM=
IZoGzDaqNGocMqVftaveY+Ahp0FhtEEthJFmFjWV/5iLRUkCE5S3hYRlwqHt6EUzNJv+CXRZA/TJU6s1WgacQ8bDwrcngbdtq23LG32NfyraEQkTlEdSb08dYKMH
w6ysDy8Q3Z9A+uvqQkVcPPrAoBn2jzM/4JazGXkAHcm/smU4IR0iiWTBSwTja+I3iLmCFVUsDx/t9RxKWpuQjzSHUa1hNY2B7XtbYVkyzD1/I2JLRHdJEWajAQ==
qedLqIH6JvoL3tEkVDoOfZq4SQRuo2KqE4dfOa+hNsyomdZMJwQ87vO+ipIeRCnpyy1xpKqO52G9GRFlQwDo1E201QNUR4eDlRVfhusk4SbjROvU79Teb1fO66U9cZNyY1+jPg==
MciG8HGAity+FW5YyL5s7BN2p6MOH/tcgu2cq9jK5ngPIAOXoLCsYSM+WEf3GygyOoq8sX5fP5Xi6ZFlpkxVvtzYCRcJi//iQ8hRUlu4I5anEA47DxILgVVdY0YbY6M6
kKMZ27cqDpeBamgQKIgHHh+zeuFcYXO7qSFU1IL+N7/9P08j3jWEAqvpQz2fdbfTxxWDeu45BfPY78YfmyV8oxs=
+GC+1qRd0ZJ5xMC1JGJlic7RUkHLkaU+ij8oliEVVX1vSIfWqQD3PkNssz7GWfNEO4sxo/v01wWjYA==
nTat+yhnEKKWZSFrIiFVdI9d8kREad3BNHTEIZs7jcWVZVk5QbMxmQXieJWjQ54jkMf9yQqjbQ==
Ct+Tefjqv3tBwFriG0e5MRZw7a/PDsAv1g6ODbsytelaErqigLg+vqMqQYS9yP3H8znrnSfFP1hJZXoaBmnds+Df7j+DNXSjEw==
E3KGE6YoOYMROxkUkft0XiYziATcsfy14eDQY1E31oqTlEAPOuvCCKCgv1OUcUmK3L7RR2B9Duk+jd5WYG5wvPYmjz6bnAGek/xobJ9lPtcndiudTUlzShNnowY=
YecjU/T/DUYbI4DADzVj2NeZf31gS2c+jXImUyzFiBS9r2hTfUSwBlZekalfOHew/5fcXB1rejRXIQYKfuTlXu0sbP30OTvd3pSgoer1rqFupd5+MCbDO2KUzxaLlCHWw1ToxM8tHt83Xms13cHTAkNPoy4=
ACXn8J3DDvcC5bVBuPO5tA6qxvlMWaK43EhsF2uNhOIh2i4uLY7nG1zYgoJoyCa+u9opt4qcL4c7ibN9T1WH2LH10rpemZVzKI8WX6sFbKML
2SKrh1WvwlfTgXw92KQtAaICD28adnpdb5oJScb6zlIUILI+L7LV9EmgYWdPkb9NUz1znQFdR0vSASHT/PfaD5cteKMf
wtEw37AIH1xYXCeVOscUdHJIo5j2Walj3B7BQKFnm9gUCLqigLg+vqMqQZeyzOfH8znrnSfFP11NZXMbBmnds+Df7j+DNXSjEw==
oF/obVaa7gyY0HWEk4rbPqMCD28adnpdb5oJScb6zlIUILI+L7LV9EmgYWdPkb9NUz1zkwFdR0vSASHT/PfaD5cteKMf
9hBIbgsUTtSKJt74N4r+9nJIo5j2Walj3B7BQKFmm9gUCLqigLg+vqMqQZeyzOfH8znrnSfFP1NNZXMbBmnds+Df7j+DNXSjEw==
+B59HWvxJapLPL7kvqf74KACD28adnpdb5oJScb6zlIUILI+L7LV9EmgYWdPkb9NUz1zmgBdR0vSASHT/PfaD5cteKMf
nyTxmMwUemvuql1CJwWtR3JIo5j2Walj3B7BQKFlm9gUCLqigLg+vqMqQZeyzOfH8znrnSfFP1pMZXMbBmnds+Df7j+DNXSjEw==
pywsqLXQ7AK2h1MNjnjOMtPMwr7RZHzz7tEz7SK99ce1TCBVuglMEQF609yq2ZO1JmhaPqjLFmft/3reANGYuJciX3st68+7hvznQxgHnMgTeYsdh4UfUywlk5umqf2zwB+Ov2N1VKMz
0s6LhZRUCCOEPGQE22rHrdPMwr7RZH/z7tEz7SK99ce1TCBVuglMEQF609yq2ZO1JmhaPqjLFmft/3reANGYuZciX3st68+7hvznQxgHnMgTeYsdh4UfWC4lk5umqf2zwB+Ov2N1VKMz
Y8ZFxRjyXCQklvx3OzuJetPMwr7RZH7z7tEz7SK99ce1TCBVuglMEQF609yq2ZO1JmhaPqjLFmft/3reANGYupciX3st68+7hvznQxgHnMgTeYsdh4UfUy4lk5umqf2zwB+Ov2N1VKMz
ch6kaF1r/JTKQdaNmDzyM2MzKIqJz+flULUVbluZlE50Gs5kcH7t9g+8c5Qztx1lxaUJGVGzJ3lfIyh1M8Puw+AHjSl6ox0=
v27b8bEqHLoGhEmnOybu7cJhMDtVQQpdb5oJScb6zlIUILI+L7LV9EmgYWdPkb9NUz1zkgVdRUvSASHT/PfaD5cteKMf
9esYrQFVWTtRmckMokfPdU1IcNBw2SmS7OYRH9DlbjEOld5OULYQJEZ+T2arhGFGI2Ti9C+2X88XLuvF/dETkiN/ox4=
YMzY+bU7CE8GFZPLiWeYAaNzfyABImhdb5oJScb6zlIUILI+L7LV9EmgYWdPkb9NUz1zmwRdRUvSASHT/PfaD5cteKMf
qFetymrthh6XpWxrE1wEPqBhMDtVM2hdb5oJScb6zlIUILI+L7LV9EmgYWdPkb9NUz1zmwRdRUvSASHT/PfaD5cteKMf
DIvSxoHWWM8DD78iU/eIwqZzfyABImhdb5oJScb6zlIUILI+L7LV9EmgYWdPkb9NUz1zmgRdRUvSASHT/PfaD5cteKMf
lyagI/z0UBLetUR7/ZW8fg5XOsWSm/eSMrUVbluZlE50Gs5kcH7t9g+8c5Qztx1lxaUJGVG6JnlfIyh1M8Puw+AHjSl6ox0=
9yG5zclJdR0Q8+jUfeCFMRQ2uumGFucvl06cDbsytelaErqigLg+vqMqQYS9yP3H8znrnSfFP1NIZXEbBmnds+Df7j+DNXSjEw==
EBUinzIz0fxz1TvoUwD28AgsvPvJDbM9l06cDbsytelaErqigLg+vqMqQYS9yP3H8znrnSfFP1JIZXEbBmnds+Df7j+DNXSjEw==
pHb8Voa3Odycv+rzkbvlXBc2uumGFucvl06cDbsytelaErqigLg+vqMqQYS9yP3H8znrnSfFP1tNZXAbBmnds+Df7j+DNXSjEw==
R5K3FabkXrmeswF6i0XdfBxgupgmE7PpEZ41KmZlYYYHOSjm4Go6/Pz+YW57TOc8jxfBDTH13aEde2+BCvMcXe+jEqv0N7kxdqMR
glISQt68GUfgX8TYSIyi/Vtzic82ckLEDhHl/tOGwL0XalGJ/qoWMvwwuj4nor0UEXBZJ5fhRy37jfsbia0s62qx+ZMEpwIvvz1woxc=
1OxUVIxXiW7FKBuUgEDNll2dzeQkRUL0p3ewe0decWKqFb0+o9lMflz6tnR4fuXm99xbpGt3ZbVtBZFp2TmrycbDQKWLgzazCCe1OXKjFQ==
yoHzyEjFyVRXnsGRJ087ukKBzvs+Q1C7vCOhe0decWKqFb0+o9lMflz6tnR4fuXm99xbpGt3ZbVtBZFp2TirycbDQKWLgzazCCe1OXKjFQ==
xW/xt/IG0JiLouOpg14bqFydzeQkRUL0p3ewe0decWKqFb0+o9lMflz6tnR4fuXm99xbpGt3ZbVtBZFp2TirycbDQKWLgzazCCe1OXKjFQ==
/T5SCGZ48mPZm0BXOD/IonTO3PlQR6CzzgciWz7H2b4v3nRtY4L9KRLCgoJoyCa+u9oppIWYNYc7ibN9T1WH37X12LtemZVzKI8WX6sFbKML
Ih1youhlyblxOZCFMZ5ELffX6FRKcsXJ1DEziJz9lCO7Hs263sUJVk954JbISiIM5P55HmNsz8zH1wld2VVlMWX/1xHyk7SNp2NamxxXoQFuowk=
EVtnJvS3orhpE+gEsx5CD2MzKIqJz+blULUVbluZlE50Gs5kcH7t9g+8c5Qztx1lxaUJGVG5IHlYIyh1M8Puw+AHjSl6ox0=
2dcZM7QZvjju0Oguh4h5+sJhMDtVQQpdb5oJScb6zlIUILI+L7LV9EmgYWdPkb9NUz1zmQJdQkvSASHT/PfaD5cteKMf
xCo8On3Om86UWDhWY3VZS01IcNBw2SmS7OYRH9DlbjEOld5OULYQJEZ+T2arhGFGI2To8y+xX88XLuvF/dETkiN/ox4=
qlNq0yvSM+VMpSiDt4HS/qZzfyABImhdb5oJScb6zlIUILI+L7LV9EmgYWdPkb9NUz1zmAJdQkvSASHT/PfaD5cteKMf
hxJ/HnaSoC2TNjN3AMWc5Q5XOsWSm/eSMrUVbluZlE50Gs5kcH7t9g+8c5Qztx1lxaUJGVG/IHlYIyh1M8Puw+AHjSl6ox0=
zhUaLjPi7fkQ0lhNXVGtJhc2uumGFucvl06cDbsytelaErqigLg+vqMqQYS9yP3H8znrnSfFP15OZXYbBmnds+Df7j+DNXSjEw==
hRlIzshoj4e0hjb10PuRChxgupgmE7PpEZ41KmZlYYYHOSjm4Go6/Pz+YW57TOc8jxfBDTH13aEdfmyBDPMcXe+jEqv0N7kxdqMR
1bp/8BQMovYyMOnD+aUmk1tzic82ckLEDhHl/tOGwL0XalGJ/qoWMvwwuj4nor0UEXBZJ5fhRy37jfseiq0q62qx+ZMEpwIvvz1woxc=
iyaNhtzHrex4SB0JT3odV1ydzeQkRUL0p3ewe0decWKqFb0+o9lMflz6tnR4fuXm99xbpGt3ZbVtBZFp2TyoycDDQKWLgzazCCe1OXKjFQ==
Es17VgEVjxnWKvuLfaKdu3TO3PlQR6CzzgciWz7H2b4v3nRtY4L9KRLCgoJoyCa+u9oppIWYNYc7ibN9T1WH3Lb13rtemZVzKI8WX6sFbKML
GGdGNfzew3gjM5IQWiLBpfbX6FRKcsXJ1DEziJz9lCO7Hs263sUJVk954JbISiIM5P55HmNsz8zH1wld2VVlMWX81BH0k7SNp2NamxxXoQFuowk=
2yv7s1kXr+fKJq04rZTpj+jJ9khJbd/Pxn4o3Iz9lCO7Hs263sUJVk954JbISiIM5P55HmNsz8zH1wld2VVlMWXz1BH0k7SNp2NamxxXoQFuowk=
bAy3V/VaLdOAX9FLaFMCl/TX6FRKcsXJ1DEziJz9lCO7Hs263sUJVk954JbISiIM5P55HmNsz8zH1wld2VVlMWXz1BH0k7SNp2NamxxXoQFuowk=
GGV72EWaEP5vITnnBQEebpfgbklwxM/1aUNQzr6wO2Xyjx1+axa4Hb86mcm2Wn4S5ECiPj9SpTT5AJHn3zHvjQMdQ5nzPZGLguGxU0yXKk+nDWijDw==
PuHUpCop9r2SSzSfCOX8DFzjc3vy1+5DKmf1pa1FGAuhjUjr/94J8gJ1ZY7rGQQupNqehGB+/Zbf/CN0ozetBTXlOfkhuRFZq2OY1UNDfmMwR10JaqMN
+Cq3w2P7fe2pYyvkQ4AIfXTpzEXi+WJLY8C+2Wl2OGGnl881pndRPqeu7M0LUkVpyvLqYlDYLr6zyhHEbahtR4PZW93XpQ9ZP0VFW/bJbTNwfz5/UxVkowM=
NgzQxolJNORnOBqI4aLsz5fjbklwxM/1aUNQzr6wOGXyjx1+axa4Hb86mcm2Wn4S5ECiPj9SpTT5AJHn3zHvjQMdQ5PyPZGLguGxU0yXKk+nDWijDw==
ttgkA+NYQ4dPQ2/q7CD1FFzjcHvy1+5DKmf1pa1FGAuijUjr/94J8gJ1ZY7rGQQupNqehGB+/Zbf/CN0ozetBTXlOfkhshBZq2OY1UNDfmMwR10JaqMN
KWAMEDR7aTlNjTDJGbgzYnTpzEbi+WJLY8C+2Wl2OGGnl8w1pndRPqeu7M0LUkVpyvLqYlDYLr6zyhHEbahtR4PZW93XpQ9SPkVFW/bJbTNwfz5/UxVkowM=
zwecv3xzaE4lZHok7XP6h2MzKIqJz+XlULUVbluZlE50Gs5kcH7t9g+8c5Qztx1lxaUJGVG9J3lbIyh1M8Puw+AHjSl6ox0=
Ltlaq+anFaaMrJmjRFCF48JhMDtVQQpdb5oJScb6zlIUILI+L7LV9EmgYWdPkb9NUz1znQVdQUvSASHT/PfaD5cteKMf
MnhcZ0AxQdWmpgsRCXD2u01IcNBw2SmS7OYRH9DlbjEOld5OULYQJEZ+T2arhGFGI2Ti9C+yX88XLuvF/dETkiN/ox4=
h7FUTIOLhZ45hVyIzw76NaNzfyABImhdb5oJScb6zlIUILI+L7LV9EmgYWdPkb9NUz1zkgVdQUvSASHT/PfaD5cteKMf
PxTlPHb1JYmG5t5F9bQCGKBhMDtVM2hdb5oJScb6zlIUILI+L7LV9EmgYWdPkb9NUz1zmwRdQUvSASHT/PfaD5cteKMf
n7jaGoMFBbrqa1LQcglrSKZzfyABImhdb5oJScb6zlIUILI+L7LV9EmgYWdPkb9NUz1zmgRdQUvSASHT/PfaD5cteKMf
d8AqvLciaLLSszAJ7/ci7g5XOsWSm/eSMrUVbluZlE50Gs5kcH7t9g+8c5Qztx1lxaUJGVG6JnlbIyh1M8Puw+AHjSl6ox0=
4wQdyBD1rxtUNVfSz5wxeRc2uumGFucvl06cDbsytelaErqigLg+vqMqQYS9yP3H8znrnSfFP1pIZXUbBmnds+Df7j+DNXSjEw==
WWc5vmBK5XEgj9Jr/elNwBxgupgmE7PpEZ41KmZlYYYHOSjm4Go6/Pz+YW57TOc8jxfBDTH13aEdemqBD/McXe+jEqv0N7kxdqMR
4aOGeksFrXTIkyC/YDQGEFtzic82ckLEDhHl/tOGwL0XalGJ/qoWMvwwuj4nor0UEXBZJ5fhRy37jfsYjK0p62qx+ZMEpwIvvz1woxc=
hgFBahNWt+ww5y5ebH2EL1ydzeQkRUL0p3ewe0decWKqFb0+o9lMflz6tnR4fuXm99xbpGt3ZbVtBZFp2TiuycPDQKWLgzazCCe1OXKjFQ==
fr3O55t03aGuD3oNBjNMRXTO3PlQR6CzzgciWz7H2b4v3nRtY4L9KRLCgoJoyCa+u9oppIWYNYc7ibN9T1WH2LD13btemZVzKI8WX6sFbKML
W1TYxZoa1eIZ41J5/C716/XX6FRKcsXJ1DEziJz9lCO7Hs263sUJVk954JbISiIM5P55HmNsz8zH1wld2VVlMWX/0hH3k7SNp2NamxxXoQFuowk=
8AWbPpeV7SNrqJJBI9n1hpfibklwxM/1aUNQzr6wOWXyjx1+axa4Hb86mcm2Wn4S5ECiPj9SpTT5AJHn3zHvjQMdQ530PZGLguGxU0yXKk+nDWijDw==
WatH8YJLRCBSvpaVA2HJIVzjcXvy1+5DKmf1pa1FGAujjUjr/94J8gJ1ZY7rGQQupNqehGB+/Zbf/CN0ozetBTXlOfkhvRZZq2OY1UNDfmMwR10JaqMN
dt9vAAKnuzHtHtlINKrW33TpzEfi+WJLY8C+2Wl2OGGnl801pndRPqeu7M0LUkVpyvLqYlDYLr6zyhHEbahtR4PZW93XpQ9dOEVFW/bJbTNwfz5/UxVkowM=
rj2E9o+bzLvaOIAzys+xHHTpzEfi+WJIfNq4yyZtbHWnl801pndRPqeu7M0LUkVpyvLqYlDYLr6zyhHEbahtR4PZW93XpQ9TP0VCXPbJbTNwfz5/UxVkowM=
1467UtdPDA41ljM3pJ2bOln9bWbsyfJcMGHn6rYRDBW/kFb1494J8gJ1ZY7rGQQupNqehGB+/Zbf/CN0ozetBTXlOfkhsxFZrGSY1UNDfmMwR10JaqMN
ULwRjD76jPteJyOiburZDln9bWbsyfJGKmf1pa1FGBChjEvr/cEJ8gJ1ZY7rGQQupNqehGB+/Zbf/CN0ozetBTXlOfkhshFZrGSY1UNDfmMwR10JaqMN
74eqVDaM8Ql91hH1k6sOjxN2p6MOH/tcgu2cq9jK5ngPIAOXoLCsYSM+WEf3GygyOoq8sX5fP5Xi6ZFlpkxVvtzYCRcJi//iQ8hRUlu4K5enGQ47BxMLgVVdY0YbY6M6
PBh3ETljLZrR9CC0c+5fzs7RUkHLkaU+ij8oliEVVX1vSIfWqQD3PkttszfGWftFO4sxo/v01wWjYA==
cRPqiaqMbRQEJcWER6auVI9d8kREad3BNHTEIZs7jcWVZVk5QbswmQzieJ2iQ54jkMf9yQqjbQ==
BOqXUuUUzwcC0nQcon8FEB+zeuFcYXO7qSFU1IL+N7/9P08j3jWEAqvpQz2fdbfbxhWKeu4xBPPY78YfmyV8oxs=
glcjdrTobG0fzoxgbJeUgxN2p6MOH/tcgu2cq9jK5ngPIAOXoLCsYSM+WEf3GygyOoq8sX5fP5Xi6ZFlpkxVvtzYCRcJi//iQ8hRUlu4L5enGQ47BxMLgVVdY0YbY6M6
6LbzPEhPEhWdP7vuI91CS87RUkHLkaU+ij8oliEVVX1vSIfWqQD3Pk9tszfGWftFO4sxo/v01wWjYA==
vc85z2SBJ56AAnJpHgzbSo9d8kREad3BNHTEIZs7jcWVZVk5Qb8wmQzieJ2iQ54jkMf9yQqjbQ==
st9jGwX94WQyeBUARRcshB+zeuFcYXO7qSFU1IL+N7/9P08j3jWEAqvpQz2fdbffxhWKeu4xBPPY78YfmyV8oxs=
/EHdXcaONSvyWmhXuqwwSfctNglVOD0TPI8UR9ypi1QRI7M1QvbE406zandPkb9NUz1zkgJdRkrSCSDT/PfaD5cteKMf
Sup1YrNAt8jIBtzd5DapFzthThp2YmkyY/iRwrvIIscHqU4rZ+OLUXVto9b7E6Nq
JUPaX2kQ9r9x6UmqGjbIgM7RUkHLkaU+ij8oliEVVX1vSIfWqQD3PkJtszfGWftFO4sxo/v01wWjYA==
HU8SG+QHrLBSbuGASIjWFY9d8kREad3BNHTEIZs7jcWVZVk5QbIwmQzieJ2iQ54jkMf9yQqjbQ==
c2ujx3159uMDGNup/6PD/Zq4SQRuo2KqE4dfOa+hNsyomdZMJwQ87vO+ipIeRCnpyy1xpKqO52G5Gx9lQwDo1E201QNUR4eDlRVfhusk4SbjROLT79Xeb1/P66U9cZNyY1+jPg==
g7hIZZBzr8pEU6l06fhKLPrAoBn2jzM/4JazGXkAHcm/smU4IR0iiWTBSwTja+IzireCFVUsDx/t9RxKWpuQjzSHUa1hNY2B7XJcYVgyzDV+I2JLRHdJEWajAQ==
oY3peHi/v54gurLL8Qc4LuAhp0FhtEEthJFmFjWV/5iLRUkCE5S3hYRlwqHt6EUzNJ/8B3RZA/TJU6s1WgacQ8bDwrcngbdtq23LEnqNfiraGQgTlEdSb08dYKMH
q5N3256JiJGj8QofwQ2LCSy9lQathGIWMZ3jiGd9LSL3zJt1uC0GYamguYNYR1hn0KGvZFXbL7XejgDTartmV4PZW93XpQ9SPkVCWvbBbDNwfz5/UxVkowM=
tH/PqVjwuPYVXpyHHfS82Zq4SQRuo2KqE4dfOa+hNsyzmdZMJwQ87vO+ipIeRCnpyy1xpKqO52G5Gx9lQwDo1E201QNUR4eDlRVfhusk4SbjROLT79Xeb1/P66U9cZNyY1+jPg==
VJq/jytPyQbNOUXVKaa1mjHe5PvT8cM9bd3TNrhiRmGEUl4WDWXH+KO1gUJbRB/lHPVaIXV43ZNcTzRHPGnr1LFjUzUiNmRjrvMKd2/RX80z/VOS4h3mynJJwNPcN3qPd21Yoz8=
jzhj1q4HW6TFSkUUIE53TJyzTw1KpHa8NZdfPKyFLM6+mdZMJwQ87vO+ipIeRCnpyy1xpKqO52G5Gx9lQwDo1E201QNUR4eDlRVfhusk4SbjROLT79Xeb1/P66U9cZNyY1+jPg==
s9zoRHcEYiA3HhzLkmR3QpGTh++VDSi/sMAj8jWL5MeZTjpAn2hSFgF908jXnZ2iZyxLNejNFmG5gGnDCOfI56ABXyQl+9+1rq7wExobltcTeYsdh4UfUi4lkpqmofyzwB+Ov2N1VKMz
9XLe0yW65rUHKUEv1DviZwl+bz9ce25+TeGGoEQFOva3uedQLrXOPFEuKcXx5ApvievfN0sw48mJ2Sxxv2yiBHlox3Yp4LceQk1zV0b5O2U7a3FDe1QXZaMA
HyVmxtP8GDhTC4mrlmWJL+/pyWoa0vzjXkxH56uSZuM6FjHAFdfp4g51mZXzFSMGN4PJF3DDR8oG/sn2S/ShdgN04uMPhZ6//79rVZ0hU6IDb6MO
