39JzOUcDjOmdieoRnYL4Vq6pjDEBnaX+WEYa8a+nJ+MOWDKUUPaPliAh2dCnQmUYKIOUEH2CWpUu8+v2S/ShdgN07uIPh56/975rWp0hU6IDfq4N
qz0UNZtMBCcL78x+V8/YLab3BL3F5azmmDqVg7PJ4W0p/f2I5YpBBE7J+jhCH32LIctaJt2+8ws/eh4eK+mSntg9R9IpEAUpeRCXdAdMq61nhOogeSaZ6d/6yqI6OWhYE8WeO9Nc8hgIgv8KCAV5PF6W9aQgxxRcZTbqScYXC9pzYPEKS/Ct7tdzbqNfGks25XVDnou6rsE=
ZBHfgIb167bqCBXbAnBKCwNueDdcKzFgS/7Ou0YaI7X8sO9HIbT5clJ6bOSXkCQ7yaaLYA0u/MnU3iEwojOKCVtox3Yp4LceTUxzVUb5M2Q7ZHFDe1QXdK4D
Hg/NnDke4jc1t9DHeJeHdQ6DvZQBY2eWjCoXscJHPgJsVW3J2sTxVRiz3o+JPxqd8gbTfL4Of1KjmBGie6gtpsfLzkuvgos+tQ0jtjtirgk=
9+3DjMim7urSbBsXgmouhBHwceNAc3KpuDEXxJ2rN7XGfkhz0iuOF6vpQz2fdbfTxxWIeu45BfPX78YfmyVtrhg=
XTBnVvDasp4/8U25GbRmfJGTh++VDSi/sMAj8jWL5MeZTjpAn2hSFgF908jXnZ2iZyxLNejNFmG5gGnDCOPK6aABXyQl+9+1rq7wExobltcTeYsdh4UfWi4lkJqmqf2zzx+Ov2N1Ra4w
yTIIjGP1vrxAl+2KsFvhqJyzTw1KpHa8NZdfPKyFLM6+mdZMJwQ87vO+ipIeRCnpyy1xpKqO52G9GRFlQwDo1E201QNUR4eDlRVfhusk4SbjROrT79feb1fO66o9cZNyY06uPQ==
H/J6rjDefoGX9ay/JWNf6jHe5PvT8cM9bd3TNrhiRmGEUl4WDWXH+KO1gUJbRB/lHPVaIXV43ZNcSzZJPGnr1LFjUzUiNmRjrvMKd2/RX80z/VOa4h3kynJBwdPTN3qPd21Jrjw=
n1vdp4Tf4PaechBvKtBIlJq4SQRuo2KqE4dfOa+hNsyzmdZMJwQ87vO+ipIeRCnpyy1xpKqO52G9GRFlQwDo1E201QNUR4eDlRVfhusk4SbjROrT79feb1fO66o9cZNyY06uPQ==
6Vq1w4D3zeLfHUoWAMW1eiy9lQathGIWMZ3jiGd9LSL3zJt1uC0GYamguYNYQ1pp0KGvZFXbL7XejgDTartmV4PZW93XpQ9aPkVAWvbJbTN/fz5/UxV1rgA=
cdJkueRCNVbqFAY1hu3c2uAhp0FhtEEthJFmFjWV/5iLRUkCE5S3hYRlwqHt6EUzNJv+CXRZA/TJU6s1WgacQ8bDwrcngbdtq23LGnqNfCraEQkTm0dSb08dca4E
7CXevd6NKGOWn5mQMqRYyvrAoBn2jzM/4JazGXkAHcm/smU4IR0iiWTBSwTja+I3iLmCFVUsDx/t9RxKWpuQjzSHUa1hNY2B7XpcYVoyzD1/I21LRHdJEXeuAg==
1RtanFQfcQ3hL+XsSSBWGZq4SQRuo2KqE4dfOa+hNsyomdZMJwQ87vO+ipIeRCnpyy1xpKqO52G9GRFlQwDo1E201QNUR4eDlRVfhusk4SbjROrT79feb1fO66o9cZNyY06uPQ==
WOtiWMJx6fIO0xV9sE9XyBZw7a/PDsAv1g6ODbsytelaErqigLg+vqMqQYS9yP3H8znrnSfFP1tMZXYaBmnds+/f7j+DNWWuEA==
Ek6dPUqPsyN8wj4vCKAMHiYziATcsfy14eDQY1E31oqTlEAPOuvCCKCgv1OUcUmK3L7RR2B9Duk+jd5WYG5wvPYmjz6bnAGek/xraZ9pPtcndiuSTUlzShN2rgU=
AWPPSDeQbGByvuS8K7Vv9deZf31gS2c+jXImUyzFiBS9r2hTfUSwBlZekalfOHew/5fcXB1rejRXIQYKfuTlXu0sbP30OTvd3pSgoer1rqFupd5+MCbDO2KUzxaLlCHWw1Trwc8hHt83Xms63cHTAkNeri0=
CHWQGm/ReJpGf1togQJEXw6qxvlMWaK43EhsF2uNhOIh2i4uLY7nG1zYgoJoyCa+u9opt4qcL4c7ibN9T1WH27T13rpemZVzJ48WX6sFfa4I
S70ln8VMDyYlvOS4PgVxX6ICD28adnpdb5oJScb6zlIUILI+L7LV9EmgYWdPkb9NUz1znQBdQkrSASHT8/faD5ctaa4c
NswN9AB1XjgPozIpLxWx6XJIo5j2Walj3B7BQKFnm9gUCLqigLg+vqMqQZeyzOfH8znrnSfFP11MZXYaBmnds+/f7j+DNWWuEA==
umqmSAeKl6DlfCThCWXt3A79/HqfNrdngTiwMGHtpCs260JTHgyU6NhuugifNH+qWXwPQowWS082JQs42/jJ3wuIL2iuHw==
18+nEBPwRuTNsUdqpKbJnKZwfyABImtdb5oJScb6zlIUILI+L7LV9EmgYWdPkb9NUz1znAVdQkrSASHT8/faD5ctaa4c
7p/1qoMiAH5hvACoWPrrfxJXOcWSm/eSMbUVbluZlE50Gs5kcH7t9g+8c5Qztx1lxaUJGVGzJ3lYIih1M8Phw+AHjSlrrh4=
EUUOkT+UgkwsfuapQDBjGQgquuqGFucvi06fDbsytelaErqigLg+vqMqQYS9yP3H8znrnSfFP1NJZXYaBmnds+/f7j+DNWWuEA==
bf22AHFkrdkf1bolM235BBp/ppglE7PpEYEpKmVlYYYHOSjm4Go6/Pz+YW57TOc8jxfBDTH13aEde2qBDPIcXe+jHav0N7kxZ64S
bLLdLhTuRhf4Ns1vF9sRrkd1ltM2cULEDhHj4c+Gw70XalGJ/qoWMvwwuj4nor0UEXBZJ5fhRy37jfsbjK0q6mqx+ZMLpwIvvz1hrhQ=
moXoI66Lr3FyYqDtJqSUiUKBy/s4RUH0p3ewZ0FBbWKpFb0+o9lMflz6tnR4fuXm99xbpGt3ZbVtBZFp2TquycDCQKWLgzmzCCe1OWOuFg==
Nna6YfvARpsJVQqhSpnYaGrQwP9PW6CwzgciWyDb36Ez3ndtY4L9KRLCgoJoyCa+u9oppIWYNYc7ibN9T1WH2LD13rpemZVzJ48WX6sFfa4I
wIC3L/R3CoLIecE2bqh07+jJ9khMbdnJ1zEziJzjij+9AdG63cUJVk954JbISiIM5P55HmNsz8zH1wld2VVlMWX40hH0krSNp2NVmxxXoQF/rgo=
G1t/HTLhaCGtjNDxe3dpDIr/cFdswtDpaUBQzr6wJHvskxthdxa7Hb86mcm2Wn4S5ECiPj9SpTT5AJHn3zHvjQMdQ5/0PZKKguGxU0OXKk+nDXmuDA==
vCq8YsxZQqIjSMehw+vvwkL+bGXsy+hcNmf2pa1FGBa+k1b3+cEV8gF1ZY7rGQQupNqehGB+/Zbf/CN0ozetBTXlOfkhuBFZq2KY1UNDcWMwR10Je64O
hWED9+O1Y3lDP1ehirzf03L30Vr8535NfNy+2ml2OGG5itAruGtXIbuu780LUkVpyvLqYlDYLr6zyhHEbahtR4PZW93XpQ9YP0VFWvbJbTN/fz5/UxV1rgA=
NxsF8bNqH5KbPxF2hQfucqqR/V63zHh/+tfiXiFDXNn+4yt+akMizzWBWQq1JbEml7mYRhAqChzs/nEOS4yXnD+XUa1hNY2B7XhdYV8yzD1/I21LRHdJEXeuAg==
C5t8LmoH7PZQyvYeiv8UllmB0OckQV7m/C2iYURPMCK4Fb0+o9lMflz6tnR4fuXm99xbpGt3ZbVtBZFp2TqvycHDQKWLgzmzCCe1OWOuFg==
h1pSx0t577mzaEerbffdh3mqbsFJrIRatcJoceTL4FM8HFuVj8PPRhZz7odxQZ1C+dUNXjNZPN6MuoaUaH71hsccCwSb9/VV3UVBSak5n6kRAzAFGwOJU1hnRRlzrgY=
R0+g8cYsjddbCe01QsRIJ1RXPkJpvYqvcn4k1NnYb3dKP9wskSY6VVWch5mxEx5b9rtiQx4ctLgLER6iH8QfGpks71KJBiued5XrSFtIaS9LWA94rg8=
bZo+CTvV5N0DAJy4r4NJi2WpacdVs5hGscJocfvZuxY8Wh6dj8PPRhZz7odxQZ1C+dUNXjNZPN6MuoaUaH71hsccCwSb9/VV3UVBSak+nqkRAzAFGwOJU1hnRRlzrgY=
hWqM1pOhahuSP2Mu/fas/FmB0OYkQV7m/C2iYURPMCK4Fb0+o9lMflz6tnR4fuXm99xbpGt3ZbVtBZFp2TyrycDDQKWLgzmzCCe1OWOuFg==
+Yu+lF0h/33mcDd6HE22uHmqbsFJrIVatcJoceTL4FM8HFuVj8PPRxZz7odxQZ1C+dUNXjNZPN6MuoaUaH71hsccCwSb9/VV3UVBSak8m6kQAzAFGwOJU1hnRRlzrgY=
sqmqsqWn8bGiITxbXYuPR1RXPkJpvYqvcn4k1NnYb3dKP9wtkSY6VVWch5mxEx5b9rtiQx4ctLgLER6iH8QfGpks71KMAiufd5XrSFtIaS9LWA94rg8=
A7HpTWKm30DPDss/B2FI8GWpacBVs5hGscJocfvZuxY8Wh6dj8PPRxZz7odxQZ1C+dUNXjNZPN6MuoaUaH71hsccCwSb9/VV3UVBSak+mqkSAzAFGwOJU1hnRRlzrgY=
elbt7Mma9G25+9t42RJvqKqR/UKp0mR54MvkWzAMR43r4yt+akMizzWBWQq1JbEml7mYRhAqChzs/nEOS4yXnD+XUa1hNY2B7XleYVs0zD1/I21LRHdJEXeuAg==
KIQS+SinPOxtVkXBoHgiMKqR/V23zHh/+tfiXiFDXNn+5DZjakMizzWBWQq1JbEml7mYRhAqChzs/nEOS4yXnD+XUa1hNY2B7XheYVs0zD1/I21LRHdJEXeuAg==
hYLo21Ml1dZPB7mPJq/Xe5lSxiEVzj9K4vVmS2LXtpTRAR1TXdH824Qjk+H/5hN9Z4rhCW4KRvLMUKo+N0KNVMHQyacngbdtq23LGHiNfSzaEQkTm0dSb08dca4E
b30CbgTx6aG8fJFmUHf3dWWpac1JsphEq95ua/jN5UJzBw+AiN7SRRZz7odxQZ1C+dUNXjNZPN6MuoaUaH71hsccCwSb9/VV3UVBSak/makXBDAFGwOJU1hnRRlzrgY=
+dyMVXcef0sbW8Q+ngVA03ophZBozhB6Di03JwuhkftYFltEi5adyS+7UaIRrLDOoTCgCCEVNKPWo3JLHhSkoDjmKvDfDG+iebR/2guOuwAQLRsAG4BZV2tAH3CuBw==
ngKK+ajp9TFiX6xTCTxr/r4sbI5KS53MzXCB1P2Rn+JQ5AL95N3Ce7ckWKTPUPiwOCEUHBBEOzNJ9OTSy5aK/lDONn2UTNqTV6v6msyLm8uJk1M7GgRD81xPsOj/cY8N490jn9H9MwwiIVFTI9fKzwdNWa4s
P3mQGKMEFNCisNkz+r5por4sbI5KS57MzXCB1P2Rn+JQ5AL95N3Ce7ckWKTPUPiwOCEUHBBEOzNJ9OTSy5aK/lDOP3yUTNqTV6v6msyLm8uJk1M7GgRD81xPsOj/cY8N490jktH9MwwiIVFTI9fKzwdNWa4s
opdvR6YcOHg+GZQRNocmcqtGnZPKl7hngn48dnMr20hSiLcwEqsS1MQXY4uyfPHpxsmM37axLlVyVEhPPRXkeFsA9+B8S6FHLCqax+2Tz1+V+9zIBasqA+bYKZ151cXxRf+20RUU1M1HYzXbvNcBQV+uKg==
REP0LEvMNOFvnUyngs9rMKtGnZPKl7hngn48dnMr20hSiLcwEqsS1MQXY4uyfPHpxsmM37axLlVyVEhPPRXkeFsA9+B8S6FHLCqax+2Tz1+V/9XfAqsqA+bYKZ151cXxRfK10RUU1M1HYzXbvNcBQV+uKg==
s3AVg2QRtOOhV8qnurZJ5atGnZPKl7hngn48dnMr20hSiLcwEqsS1MQXY4uyfPHpxsmM37axLlVyVEhPPRXkeFsA9+B8S6FHLCqax+2Tz1+V+9zIBasqA+bYKZ151cXxRfyy0RYU1M1HYzXbvNcBQV+uKg==
WGZsZmOE5Qru4swBrJKXvlIv+L0NA+VBgvGGq7Olix9tQSCgr/b7OHZjRx21AHFybJT55nRacdv46Z5ltgle6pjaABAegu/iQ8hRUlu4L5CnEAg7DxILjlVdY0Ybcq45
ypjaKwPmCRmihuzaVc8kB/ju85WPCuKxifdrROQSJHdm+oumix0sPjzzt6jA3WuFiFCebBTb0rGP51YfKR8aspX8mB7BXUVFL7AXHokIB2bDt8M44RFjPPu8IWubfGdMrjs=
VS81tHj+6HHj4ZEH/4WLwB+zeuFcYXO7qSFU1IL+N7/9P08j3jWEAqvpQz2fdbfTxBWNfe45BfPX78YfmyVtrhg=
17UWyzSqsQ91yhAKBI0BV87RUkHLkaU+ij8oliEVVX1vSIfWqQD3PkNvszDBWfNEO4Qxo/v01xSuYw==
HGYWXdwmC10KmHUcS5opZ49d8kREad3BNHTEIZs7jcWVZVk5QbMymQvleJWjQ5EjkMf9yRuubg==
i3BUXXmzG3klx9Up+JTFDvju85WPCuKxifdrROQSJHdm+oumix0sPjzzt6jA3WuFiFCebBTb0rGP51YfKR8aspX8mB7BXUVFL7AXHokIB2bKs8M24RFjPPu8IWubfGdMrjs=
fo9avz9yz0NvpBvyoIrY9M7RUkHLkaU+ij8oliEVVX1vSIfWqQD3Pkprsz7BWfNEO4Qxo/v01xSuYw==
TBeJtd1zh0kszU45Hz3FMI9d8kREad3BNHTEIZs7jcWVZVk5Qbo2mQXleJWjQ5EjkMf9yRuubg==
pXjKfPwvx+FpJ2PdNBALFx+zeuFcYXO7qSFU1IL+N7/9P08j3jWEAqvpQz2fdbfawBWDfe45BfPX78YfmyVtrhg=
GnGein1DANoLcKDeYyjQVPctNglVOD0TPI8UR9ypi1QRI7M1QvbE406zandPkb9NUz1zngRdT03SASHT8/faD5ctaa4c
dk9F7EwUmASQMYWZjieVxzthThp2YmkyY/iRwrvILcEHoEkrb+KLXnVto9b7Aq5p
QpkbzRQm0xJtcnRhXjHIrs7RUkHLkaU+ij8oliEVVX1vSIfWqQD3Pk1rsz7BWfNEO4Qxo/v01xSuYw==
lDIshXMg5Ag2H5gdoACZcY9d8kREad3BNHTEIZs7jcWVZVk5Qb02mQXleJWjQ5EjkMf9yRuubg==
0zBC3Iorp8OAAUD+pyLzXpq4SQRuo2KqE4dfOa+hNsyomdZMJwQ87vO+ipIeRCnpyy1xpKqO52G5Gx9lQwDo1E201QNUR4eDlRVfhusk4SbjRO3V79zZb1fO66o9cZNyY06uPQ==
PUYrxVmJyF5veTUBbOLo8/rAoBn2jzM/4JazGXkAHcm/smU4IR0iiWTBSwTja+IzireCFVUsDx/t9RxKWpuQjzSHUa1hNY2B7X1aYVE1zD1/I21LRHdJEXeuAg==
ec6UfcPCkhJhHUwUbWwIVOAhp0FhtEEthJFmFjWV/5iLRUkCE5S3hYRlwqHt6EUzNJ/8B3RZA/TJU6s1WgacQ8bDwrcngbdtq23LHXyNdy3aEQkTm0dSb08dca4E
qBDcwNyQ1igfsZFf1rMNXyy9lQathGIWMZ3jiGd9LSL3zJt1uC0GYamguYNYR1hn0KGvZFXbL7XejgDTartmV4PZW93XpQ9dOEVLXfbJbTN/fz5/UxV1rgA=
0LJwqB5hkaXrYsUaxJURv5q4SQRuo2KqE4dfOa+hNsyzmdZMJwQ87vO+ipIeRCnpyy1xpKqO52G5Gx9lQwDo1E201QNUR4eDlRVfhusk4SbjRO3V79zZb1fO66o9cZNyY06uPQ==
zmwI4JJIrID5glYIFd+2UTHe5PvT8cM9bd3TNrhiRmGEUl4WDWXH+KO1gUJbRB/lHPVaIXV43ZNcTzRHPGnr1LFjUzUiNmRjrvMKd2/RX80z/VOd5B3vzXJBwdPTN3qPd21Jrjw=
xaOVUOXDlyuyMPWqO99Kc5yzTw1KpHa8NZdfPKyFLM6+mdZMJwQ87vO+ipIeRCnpyy1xpKqO52G5Gx9lQwDo1E201QNUR4eDlRVfhusk4SbjRO3V79zZb1fO66o9cZNyY06uPQ==
cm10i7xk5GTL0kVD/sui3pGTh++VDSi/sMAj8jWL5MeZTjpAn2hSFgF908jXnZ2iZyxLNejNFmG5gGnDCOfI56ABXyQl+9+1rq7wExobltcTeYsdh4UfXSglm52mqf2zzx+Ov2N1Ra4w
bRwf6yC+4cjM/DZdNbhRuwl+bz9ce25+TeGGoEQFOva3uedQLrXOPFEuKcXx5ApvievfN0sw48mJ2Sxxv2yiBHlox3Yp4LceTUtzXkH5M2Q7ZHFDe1QXdK4D
e6SpTveKU2ppZ6xUNhvyUO/pyWoa0vzjXkxH56uSZuM6FjHAFdfp4g51mZXzFSMGN4PJF3DDR8oG/sn2S/ShdgN07eUPjJm/975rWp0hU6IDfq4N
