G9lQ5y8Wrt1kVvNuxQAqg66pjDEBnaX+WEYa8a+nJ+MOWDKUUPaPliAh2dCnQmUYKIOUEH2CWpUu8+v2S/ShdgN04+APjZm/975rWp0hU6IDfq4N
2jfW+/W169dbLUpoc6Gon6b3BL3F5azmmDqVg7PJ4W0p/f2I5YpBBE7J+jhCH32LIctaJt2+8ws/eh4eK+mSntg9R9IpEAUpeRCXdAdMq61nhOogeSaZ6d/6yqI6OWhYE8WeO9Nc8hgIgv8KCAV5PF6W9aQgxxRcZTbqScYXC9pzYPEKS/Cj7Nd5aaNfGks25XVDnou6rsE=
5T38b4FBdsOG8tXqkEGYiwNueDdcKzFgS/7Ou0YaI7X8sO9HIbT5clJ6bOSXkCQ7yaaLYA0u/MnU3iEwojOKCVtox3Yp4LceQ05zX0H5M2Q7ZHFDe1QXdK4D
bO0LQ+1grWwrJPEcGSexrg6DvZQBY2eWjCoXscJHPgJsVW3J2sTxVRiz3o+JPxqd8gbTfL4Of1KjmBGie6gjpMfByUuvgos+tQ0jtjtirgk=
dUiFodHAxwU8S3g/xtgMvBHwceNAc3KpuDEXxJ2rN7XGfkhz0iuOF6vpQz2fdbfSxRWCfe45BfPX78YfmyVtrhg=
DRJKnMPG41qIzQ/hwwFVopGTh++VDSi/sMAj8jWL5MeZTjpAn2hSFgF908jXnZ2iZyxLNejNFmG5gGnDCOPK6aABXyQl+9+1rq7wExobltcTeYsdh4UfUi0lmp2mqf2zzx+Ov2N1Ra4w
zcxV/a0V0IdjBMzpDer70JyzTw1KpHa8NZdfPKyFLM6+mdZMJwQ87vO+ipIeRCnpyy1xpKqO52G9GRFlQwDo1E201QNUR4eDlRVfhusk4SbjROLQ793Zb1fO66o9cZNyY06uPQ==
c95uCHeFLaJ7fiTxit54qTHe5PvT8cM9bd3TNrhiRmGEUl4WDWXH+KO1gUJbRB/lHPVaIXV43ZNcSzZJPGnr1LFjUzUiNmRjrvMKd2/RX80z/VOS4R3uzXJBwdPTN3qPd21Jrjw=
ob/1JG0yYaasglHQwIzvtZq4SQRuo2KqE4dfOa+hNsyzmdZMJwQ87vO+ipIeRCnpyy1xpKqO52G9GRFlQwDo1E201QNUR4eDlRVfhusk4SbjROLQ793Zb1fO66o9cZNyY06uPQ==
/WLkcAmrgUoJBraHAcZ30yy9lQathGIWMZ3jiGd9LSL3zJt1uC0GYamguYNYQ1pp0KGvZFXbL7XejgDTartmV4PZW93XpQ9SPUVKXfbJbTN/fz5/UxV1rgA=
gWi1Kx6VWkxx+Al27uT5xuAhp0FhtEEthJFmFjWV/5iLRUkCE5S3hYRlwqHt6EUzNJv+CXRZA/TJU6s1WgacQ8bDwrcngbdtq23LEnmNdi3aEQkTm0dSb08dca4E
eLmszW5umr21FeCO6cjvDfrAoBn2jzM/4JazGXkAHcm/smU4IR0iiWTBSwTja+I3iLmCFVUsDx/t9RxKWpuQjzSHUa1hNY2B7XJfYVA1zD1/I21LRHdJEXeuAg==
zaXwPjOGSqoXkxURX+PFeZq4SQRuo2KqE4dfOa+hNsyomdZMJwQ87vO+ipIeRCnpyy1xpKqO52G9GRFlQwDo1E201QNUR4eDlRVfhusk4SbjROLQ793Zb1fO66o9cZNyY06uPQ==
by3gfeg9cbZKfbQv3IaucDtw2o5r0g5nEDI3O2bU/4hkIzcylsrLkX7mTOJPsfON4yWgCC8TO+aPr2hHHBSnqzbmLujTDG+iebR/2g6LuwsRLRsAG4BZV2tAH3CuBw==
8jUWm4OSRYEyHFBdSw5fSxZw7a/PDsAv1g6ODbsytelaErqigLg+vqMqQYS9yP3H8znrnSfFP15MZXodBmnds+/f7j+DNWWuEA==
NwDcdmQ1neRi2pTNmjq/4iYziATcsfy14eDQY1E31oqTlEAPOuvCCKCgv1OUcUmK3L7RR2B9Duk+jd5WYG5wvPYmjz6bnAGek/xuaZ9lOdcndiuSTUlzShN2rgU=
wxQU4FOYJD74QUKZRACri0MDtPAXeSCF7os3tB/hEO/h4AB4oaVUcxbTUlseBITQ+DZKQF98z3I5hJ/KDpvbO9F9u/CbMLkHK7A/YK4X
l9r9XHHINaC5ccs4ZyUCpEMDtPMXeSCF7os3tB/hEO/h4AB4oaVUcxbTUlseBITQ+DZKQF98z3I5hJ/KDZvbO9F9u/CbMLkHK7A/YK4X
5dee7XDa2JjSM1UX5sDWlEFwl9IscEyfVAXl75LG0r0XalGJ/qoWMvwwuj4nor0UEXBZJ5fhRy37jfsdiK0m7Wqx+ZMLpwIvvz1hrhQ=
OTrqmxt2LLzqJGzV5Nf7rfctNglVOD0TPIsWSdypi1QRI7M1QvbE406zandPkb9NUz1znQBdTk3SASHT8/faD5ctaa4c
0/F8d15SogjjQFsbULUaZ/ctNglVOD0TPI8UR9ypi1QRI7M1QvbE406zandPkb9NUz1znQBdTk3SASHT8/faD5ctaa4c
PlyMtjDp3H4/iHO+I3s+TdG70I+EsA6KxURPr7Y22NeUzQh2D/EfrTqQ134JqEeGzdcDl2HxIxz73OHLG5wnbK4b
JNVdUz/uH9HzrIgL+TlepM7RUkHLkaU+ij8oliEVVX1vSIfWqQD3Pk1vsz/BWfNEO4Qxo/v01xSuYw==
ECjjYodDV8qGYCyK4/evE49d8kREad3BNHTEIZs7jcWVZVk5Qb0ymQTleJWjQ5EjkMf9yRuubg==
DDIe3Uhc+t79WhNhAioj+hN2p6MOH/tcgu2cq9jK5ngPIAOXoLCsYSM+WEf3GygyOoq8sX5fP5Xi6ZFlpkxVvtzYCRcJi//iQ8hRUlu4LJCnEQk7DxILjlVdY0Ybcq45
SV4FggcPhKo849tO/MnJQs7RUkHLkaU+ij8oliEVVX1vSIfWqQD3Pkxqsz/BWfNEO4Qxo/v01xSuYw==
S4FGf8dP005eCvV0vyBUpY9d8kREad3BNHTEIZs7jcWVZVk5Qbw3mQTleJWjQ5EjkMf9yRuubg==
744OLTrgPReljMdaetV3Mh+zeuFcYXO7qSFU1IL+N7/9P08j3jWEAqvpQz2fdbfcwRWCfe45BfPX78YfmyVtrhg=
vUXgS/ornyf1Jo3wLXq9ffctNglVOD0TPI8UR9ypi1QRI7M1QvbE406zandPkb9NUz1zmgRdTk3SASHT8/faD5ctaa4c
TMyvW4/iUuxtF4dMuQ7WEDthThp2YmkyY/iRwrvIKsEHoUkrb+KLXnVto9b7Aq5p
9TV4tMFBf7YEIK+aMVHJPc7RUkHLkaU+ij8oliEVVX1vSIfWqQD3Pkprsz/BWfNEO4Qxo/v01xSuYw==
T5Hspl/kwI8qPV/pC4o4EY9d8kREad3BNHTEIZs7jcWVZVk5Qbo2mQTleJWjQ5EjkMf9yRuubg==
4apYd/DfnEsTBmKmXIV4N5q4SQRuo2KqE4dfOa+hNsyomdZMJwQ87vO+ipIeRCnpyy1xpKqO52G5Gx9lQwDo1E201QNUR4eDlRVfhusk4SbjROrV793Zb1fO66o9cZNyY06uPQ==
Om/wYeZW0dTXQPdRbGAAnvrAoBn2jzM/4JazGXkAHcm/smU4IR0iiWTBSwTja+IzireCFVUsDx/t9RxKWpuQjzSHUa1hNY2B7XpaYVA1zD1/I21LRHdJEXeuAg==
tOeBdHjbg1ZRKIfVNn7KFuAhp0FhtEEthJFmFjWV/5iLRUkCE5S3hYRlwqHt6EUzNJ/8B3RZA/TJU6s1WgacQ8bDwrcngbdtq23LGnyNdi3aEQkTm0dSb08dca4E
vm9Fv6w+kRw2CTgUBkFgSCy9lQathGIWMZ3jiGd9LSL3zJt1uC0GYamguYNYR1hn0KGvZFXbL7XejgDTartmV4PZW93XpQ9aOEVKXfbJbTN/fz5/UxV1rgA=
YdpvDWF/AMdP1Yd0ScAa2Jq4SQRuo2KqE4dfOa+hNsyzmdZMJwQ87vO+ipIeRCnpyy1xpKqO52G5Gx9lQwDo1E201QNUR4eDlRVfhusk4SbjROrV793Zb1fO66o9cZNyY06uPQ==
rI0konqOggL4Anx8v/M2MzHe5PvT8cM9bd3TNrhiRmGEUl4WDWXH+KO1gUJbRB/lHPVaIXV43ZNcTzRHPGnr1LFjUzUiNmRjrvMKd2/RX80z/VOa5B3uzXJBwdPTN3qPd21Jrjw=
PcQP8shGWpRxlvZj9vqgQpyzTw1KpHa8NZdfPKyFLM6+mdZMJwQ87vO+ipIeRCnpyy1xpKqO52G5Gx9lQwDo1E201QNUR4eDlRVfhusk4SbjROrV793Zb1fO66o9cZNyY06uPQ==
yTXayRL2B8pGQmqIaJ6FvpGTh++VDSi/sMAj8jWL5MeZTjpAn2hSFgF908jXnZ2iZyxLNejNFmG5gGnDCOfI56ABXyQl+9+1rq7wExobltcTeYsdh4UfWiglmp2mqf2zzx+Ov2N1Ra4w
SWLJ9dGmMC5RjaWWXV09gQl+bz9ce25+TeGGoEQFOva3uedQLrXOPFEuKcXx5ApvievfN0sw48mJ2Sxxv2yiBHlox3Yp4LceSktzX0H5M2Q7ZHFDe1QXdK4D
pua3adQvMWBfKwVC47Ejke/pyWoa0vzjXkxH56uSZuM6FjHAFdfp4g51mZXzFSMGN4PJF3DDR8oG/sn2S/ShdgN06uUPjZm/975rWp0hU6IDfq4N
